Arguments: 
  /home/raiany/.nvm/versions/node/v12.11.0/bin/node /usr/share/yarn/bin/yarn.js add react-app-navigation

PATH: 
  /home/raiany/.tst/bin:/home/raiany/.local/share/umake/bin:/home/raiany/bin:/home/raiany/.local/bin:/home/raiany/.nvm/versions/node/v12.11.0/bin:/home/raiany/.tst/bin:/home/raiany/.local/share/umake/bin:/home/raiany/bin:/home/raiany/.local/bin:/usr/local/sbin:/usr/local/bin:/usr/sbin:/usr/bin:/sbin:/bin:/usr/games:/usr/local/games:/snap/bin:/usr/lib/jvm/java-10-oracle/bin:/usr/lib/jvm/java-10-oracle/db/bin:/usr/lib/jvm/java-10-oracle/bin:/usr/lib/jvm/java-10-oracle/db/bin

Yarn version: 
  1.19.0

Node version: 
  12.11.0

Platform: 
  linux x64

Trace: 
  Error: https://registry.yarnpkg.com/react-app-navigation: Not found
      at Request.params.callback [as _callback] (/usr/share/yarn/lib/cli.js:66918:18)
      at Request.self.callback (/usr/share/yarn/lib/cli.js:140539:22)
      at Request.emit (events.js:210:5)
      at Request.<anonymous> (/usr/share/yarn/lib/cli.js:141511:10)
      at Request.emit (events.js:210:5)
      at IncomingMessage.<anonymous> (/usr/share/yarn/lib/cli.js:141433:12)
      at Object.onceWrapper (events.js:299:28)
      at IncomingMessage.emit (events.js:215:7)
      at endReadableNT (_stream_readable.js:1183:12)
      at processTicksAndRejections (internal/process/task_queues.js:80:21)

npm manifest: 
  No manifest

yarn manifest: 
  No manifest

Lockfile: 
  No lockfile
